[debug] [2022-08-23T00:42:30.763Z] ----------------------------------------------------------------------
[debug] [2022-08-23T00:42:30.767Z] Command:       C:\Program Files\nodejs\node.exe C:\Users\user\AppData\Roaming\npm\node_modules\firebase-tools\lib\bin\firebase.js init
[debug] [2022-08-23T00:42:30.768Z] CLI Version:   11.7.0
[debug] [2022-08-23T00:42:30.768Z] Platform:      win32
[debug] [2022-08-23T00:42:30.768Z] Node Version:  v18.7.0
[debug] [2022-08-23T00:42:30.769Z] Time:          Mon Aug 22 2022 21:42:30 GMT-0300 (hora estándar de Argentina)
[debug] [2022-08-23T00:42:30.770Z] ----------------------------------------------------------------------
[debug] 
[debug] [2022-08-23T00:42:30.899Z] > command requires scopes: ["email","openid","https://www.googleapis.com/auth/cloudplatformprojects.readonly","https://www.googleapis.com/auth/firebase","https://www.googleapis.com/auth/cloud-platform"]
[debug] [2022-08-23T00:42:30.900Z] > authorizing via signed-in user (nikoo853@gmail.com)
[info] 
     ######## #### ########  ######## ########     ###     ######  ########
     ##        ##  ##     ## ##       ##     ##  ##   ##  ##       ##
     ######    ##  ########  ######   ########  #########  ######  ######
     ##        ##  ##    ##  ##       ##     ## ##     ##       ## ##
     ##       #### ##     ## ######## ########  ##     ##  ######  ########

You're about to initialize a Firebase project in this directory:

  C:\Users\user\Desktop\Estudios\Argentina Programa\Trabajo Final Integrador\Proyecto-integrador-ArgentinaPrograma\Front-End\ProjectAngular

Before we get started, keep in mind:

  * You are initializing within an existing Firebase project directory

[info] 
=== Project Setup
[info] 
[info] First, let's associate this project directory with a Firebase project.
[info] You can create multiple project aliases by running firebase use --add, 
[info] but for now we'll just set up a default project.
[info] 
[debug] [2022-08-23T00:43:02.528Z] Using project from CLI flag: cv-fullstack-web-developer-jr
[debug] [2022-08-23T00:43:02.535Z] >>> [apiv2][query] GET https://firebase.googleapis.com/v1beta1/projects/cv-fullstack-web-developer-jr [none]
[debug] [2022-08-23T00:43:03.798Z] <<< [apiv2][status] GET https://firebase.googleapis.com/v1beta1/projects/cv-fullstack-web-developer-jr 200
[debug] [2022-08-23T00:43:03.799Z] <<< [apiv2][body] GET https://firebase.googleapis.com/v1beta1/projects/cv-fullstack-web-developer-jr {"projectId":"cv-fullstack-web-developer-jr","projectNumber":"873051042588","displayName":"cv full stack","name":"projects/cv-fullstack-web-developer-jr","resources":{"hostingSite":"cv-fullstack-web-developer-jr"},"state":"ACTIVE","etag":"1_91febc3f-9f46-4b53-9605-f39005c7ccd7"}
[info] i  Using project cv-fullstack-web-developer-jr (cv full stack) 
[info] 
=== Hosting Setup
[info] 
[info] Your public directory is the folder (relative to your project directory) that
[info] will contain Hosting assets to be uploaded with firebase deploy. If you
[info] have a build process for your assets, use your build's output directory.
[info] 
